<?xml version="1.0" encoding="UTF-8"?>
<testng-results ignored="0" total="1" passed="1" failed="0" skipped="0">
  <reporter-output>
  </reporter-output>
  <suite started-at="2022-09-27T10:45:01 IST" name="Default suite" finished-at="2022-09-27T10:45:56 IST" duration-ms="55268">
    <groups>
    </groups>
    <test started-at="2022-09-27T10:45:01 IST" name="Default test" finished-at="2022-09-27T10:45:56 IST" duration-ms="55268">
      <class name="tests.CheckoutCompleteTest">
        <test-method is-config="true" signature="init()[pri:0, instance:tests.CheckoutCompleteTest@619713e5]" started-at="2022-09-27T10:45:01 IST" name="init" finished-at="2022-09-27T10:45:01 IST" duration-ms="301" status="PASS">
          <reporter-output>
          </reporter-output>
        </test-method> <!-- init -->
        <test-method is-config="true" signature="initiliseTest()[pri:0, instance:tests.CheckoutCompleteTest@619713e5]" started-at="2022-09-27T10:45:01 IST" name="initiliseTest" finished-at="2022-09-27T10:45:02 IST" duration-ms="1519" status="PASS">
          <reporter-output>
          </reporter-output>
        </test-method> <!-- initiliseTest -->
        <test-method signature="VerifyCheckoutOverview()[pri:0, instance:tests.CheckoutCompleteTest@619713e5]" started-at="2022-09-27T10:45:02 IST" name="VerifyCheckoutOverview" finished-at="2022-09-27T10:45:56 IST" duration-ms="53439" status="PASS">
          <reporter-output>
          </reporter-output>
        </test-method> <!-- VerifyCheckoutOverview -->
        <test-method is-config="true" signature="CloseTest()[pri:0, instance:tests.CheckoutCompleteTest@619713e5]" started-at="2022-09-27T10:45:56 IST" name="CloseTest" finished-at="2022-09-27T10:45:56 IST" duration-ms="288" status="PASS">
          <reporter-output>
          </reporter-output>
        </test-method> <!-- CloseTest -->
        <test-method is-config="true" signature="Teardown()[pri:0, instance:tests.CheckoutCompleteTest@619713e5]" started-at="2022-09-27T10:45:56 IST" name="Teardown" finished-at="2022-09-27T10:45:56 IST" duration-ms="1" status="PASS">
          <reporter-output>
          </reporter-output>
        </test-method> <!-- Teardown -->
      </class> <!-- tests.CheckoutCompleteTest -->
    </test> <!-- Default test -->
  </suite> <!-- Default suite -->
</testng-results>
