<?xml version="1.0" encoding="UTF-8"?>
<!-- Generated by org.testng.reporters.JUnitXMLReporter -->
<testsuite ignored="0" hostname="PalakT-LAP" failures="0" tests="3" name="LoginTest" time="15.017" errors="0" timestamp="2022-09-30T11:09:57 IST">
  <testcase classname="tests.LoginTest" name="CorrectUsernameTest" time="3.339"/>
  <testcase classname="tests.LoginTest" name="IncorrectUsernameTest" time="3.29"/>
  <testcase classname="tests.LoginTest" name="LockedUserTest" time="3.292"/>
</testsuite> <!-- LoginTest -->
