<?xml version="1.0" encoding="UTF-8"?>
<!-- Generated by org.testng.reporters.JUnitXMLReporter -->
<testsuite ignored="0" hostname="PalakT-LAP" failures="0" tests="4" name="Default test" time="44.41" errors="0" timestamp="2022-09-14T10:33:05 IST">
  <testcase classname="demo.TestngChrome" name="c_googleTest1" time="12.849"/>
  <testcase classname="demo.TestngChrome" name="a_googleTest3" time="10.79"/>
  <testcase classname="demo.TestngChrome" name="b_googleTest2" time="10.434"/>
  <testcase classname="demo.TestngChrome" name="d_googleTest" time="10.308"/>
</testsuite> <!-- Default test -->
