<?xml version="1.0" encoding="UTF-8"?>
<!-- Generated by org.testng.reporters.JUnitXMLReporter -->
<testsuite ignored="0" hostname="PalakT-LAP" failures="0" tests="3" name="Default test" time="14.4" errors="0" timestamp="2022-10-14T11:01:19 IST">
  <testcase classname="tests.LoginTest" name="CorrectUsernameTest" time="3.323"/>
  <testcase classname="tests.LoginTest" name="IncorrectUsernameTest" time="3.259"/>
  <testcase classname="tests.LoginTest" name="LockedUserTest" time="3.292"/>
</testsuite> <!-- Default test -->
