<?xml version="1.0" encoding="UTF-8"?>
<!-- Generated by org.testng.reporters.JUnitXMLReporter -->
<testsuite ignored="0" hostname="PalakT-LAP" failures="0" tests="4" name="Test" time="32.256" errors="0" timestamp="2022-09-14T10:43:40 IST">
  <testcase classname="demo.TestngChrome" name="b_googleTest2" time="29.377"/>
  <testcase classname="demo.TestngChrome" name="c_googleTest1" time="30.382"/>
  <testcase classname="demo.TestngChrome" name="d_googleTest" time="30.953"/>
  <testcase classname="demo.TestngChrome" name="a_googleTest3" time="32.229"/>
</testsuite> <!-- Test -->
